2023.09.09 22:55:21 INFO  Started: Metals version 1.0.1 in folders '/Users/jkpancho/Downloads/jkpancho-kanban-board' for client Visual Studio Code 1.81.1.[0m
Sep 09, 2023 10:55:22 PM org.flywaydb.core.internal.license.VersionPrinter printVersionOnly
INFO: Flyway Community Edition 9.21.2 by Redgate
Sep 09, 2023 10:55:22 PM org.flywaydb.core.internal.license.VersionPrinter printVersion
INFO: See release notes here: https://rd.gt/416ObMi
Sep 09, 2023 10:55:22 PM org.flywaydb.core.internal.license.VersionPrinter printVersion
INFO: 
Sep 09, 2023 10:55:24 PM org.flywaydb.core.FlywayExecutor execute
INFO: Database: jdbc:h2:file:/Users/jkpancho/Downloads/jkpancho-kanban-board/.metals/metals (H2 2.1)
Sep 09, 2023 10:55:24 PM org.flywaydb.core.internal.schemahistory.JdbcTableSchemaHistory allAppliedMigrations
INFO: Schema history table "PUBLIC"."flyway_schema_history" does not exist yet
Sep 09, 2023 10:55:24 PM org.flywaydb.core.internal.command.DbValidate validate
INFO: Successfully validated 4 migrations (execution time 00:00.147s)
Sep 09, 2023 10:55:24 PM org.flywaydb.core.internal.schemahistory.JdbcTableSchemaHistory create
INFO: Creating Schema History table "PUBLIC"."flyway_schema_history" ...
Sep 09, 2023 10:55:24 PM org.flywaydb.core.internal.command.DbMigrate migrateGroup
INFO: Current version of schema "PUBLIC": << Empty Schema >>
Sep 09, 2023 10:55:24 PM org.flywaydb.core.internal.command.DbMigrate doMigrateGroup
INFO: Migrating schema "PUBLIC" to version "1 - Create tables"
Sep 09, 2023 10:55:24 PM org.flywaydb.core.internal.command.DbMigrate doMigrateGroup
INFO: Migrating schema "PUBLIC" to version "2 - Server discovery"
Sep 09, 2023 10:55:24 PM org.flywaydb.core.internal.command.DbMigrate doMigrateGroup
INFO: Migrating schema "PUBLIC" to version "3 - Jar symbols"
Sep 09, 2023 10:55:24 PM org.flywaydb.core.internal.command.DbMigrate doMigrateGroup
INFO: Migrating schema "PUBLIC" to version "4 - Fingerprints"
Sep 09, 2023 10:55:24 PM org.flywaydb.core.internal.command.DbMigrate logSummary
INFO: Successfully applied 4 migrations to schema "PUBLIC", now at version v4 (execution time 00:00.133s)
2023.09.09 22:55:25 INFO  time: initialize in 3.17s[0m
2023.09.09 22:55:27 WARN  Build server is not auto-connectable.[0m
2023.09.09 23:06:18 INFO  running '/opt/local/sdkman/candidates/java/current/bin/java -Djline.terminal=jline.UnsupportedTerminal -Dsbt.log.noformat=true -Dfile.encoding=UTF-8 -jar /var/folders/d0/w29x5ycn18n_8fkpdh2rbjjr0000gp/T/metals6444502099165620223/sbt-launch.jar -Dbloop.export-jar-classifiers=sources bloopInstall'[0m
2023.09.09 23:06:19 WARN  no build target for: /Users/jkpancho/Downloads/jkpancho-kanban-board/project/project/metals.sbt[0m
2023.09.09 23:06:19 WARN  no build target for: /Users/jkpancho/Downloads/jkpancho-kanban-board/project/metals.sbt[0m
2023.09.09 23:06:19 INFO  skipping build import with status 'Started'[0m
2023.09.09 23:06:33 INFO  [info] welcome to sbt 1.7.2 (Amazon.com Inc. Java 1.8.0_382)[0m
2023.09.09 23:06:50 INFO  no build target found for /Users/jkpancho/Downloads/jkpancho-kanban-board/project/metals.sbt. Using presentation compiler with project's scala-library version: 3.3.0[0m
2023.09.09 23:06:52 INFO  [info] loading settings for project jkpancho-kanban-board-build-build-build from metals.sbt ...[0m
2023.09.09 23:06:57 INFO  [info] loading project definition from /Users/jkpancho/Downloads/jkpancho-kanban-board/project/project/project[0m
2023.09.09 23:07:10 INFO  [info] loading settings for project jkpancho-kanban-board-build-build from metals.sbt ...[0m
2023.09.09 23:07:11 INFO  [info] loading project definition from /Users/jkpancho/Downloads/jkpancho-kanban-board/project/project[0m
2023.09.09 23:07:20 INFO  [success] Generated .bloop/jkpancho-kanban-board-build-build.json[0m
2023.09.09 23:07:20 INFO  [success] Total time: 9 s, completed 09 9, 23 11:07:20 PM[0m
2023.09.09 23:07:25 INFO  [info] loading settings for project jkpancho-kanban-board-build from metals.sbt,plugins.sbt ...[0m
2023.09.09 23:07:25 INFO  [info] loading project definition from /Users/jkpancho/Downloads/jkpancho-kanban-board/project[0m
2023.09.09 23:07:34 INFO  [success] Generated .bloop/jkpancho-kanban-board-build.json[0m
2023.09.09 23:07:35 INFO  [success] Total time: 10 s, completed 09 9, 23 11:07:35 PM[0m
2023.09.09 23:07:49 INFO  [info] loading settings for project root from build.sbt ...[0m
2023.09.09 23:07:49 INFO  [info]   __              __[0m
2023.09.09 23:07:49 INFO  [info]   \ \     ____   / /____ _ __  __[0m
2023.09.09 23:07:49 INFO  [info]    \ \   / __ \ / // __ `// / / /[0m
2023.09.09 23:07:49 INFO  [info]    / /  / /_/ // // /_/ // /_/ /[0m
2023.09.09 23:07:49 INFO  [info]   /_/  / .___//_/ \__,_/ \__, /[0m
2023.09.09 23:07:49 INFO  [info]       /_/               /____/[0m
2023.09.09 23:07:49 INFO  [info] [0m
2023.09.09 23:07:49 INFO  [info] Version 2.8.20 running Java 1.8.0_382[0m
2023.09.09 23:07:49 INFO  [info] [0m
2023.09.09 23:07:49 INFO  [info] Play is run entirely by the community. Please consider contributing and/or donating:[0m
2023.09.09 23:07:49 INFO  [info] https://www.playframework.com/sponsors[0m
2023.09.09 23:07:49 INFO  [info] [0m
2023.09.09 23:08:00 INFO  [success] Generated .bloop/root.json[0m
2023.09.09 23:08:00 INFO  [success] Generated .bloop/root-test.json[0m
2023.09.09 23:08:00 INFO  [success] Total time: 7 s, completed 09 9, 23 11:08:00 PM[0m
2023.09.09 23:08:00 INFO  time: ran 'sbt bloopInstall' in 1m41s[0m
2023.09.09 23:08:00 INFO  Attempting to connect to the build server...[0m
2023.09.09 23:08:00 INFO  Bloop uses /opt/local/sdkman/candidates/java/current defined at /Users/jkpancho/.bloop/bloop.json[0m
2023.09.09 23:08:02 INFO  tracing is disabled for protocol BSP, to enable tracing of incoming and outgoing JSON messages create an empty file at /Users/jkpancho/Downloads/jkpancho-kanban-board/.metals/bsp.trace.json or /Users/jkpancho/Library/Caches/org.scalameta.metals/bsp.trace.json[0m
2023.09.09 23:08:02 INFO  Attempting to connect to the build server...[0m
2023.09.09 23:08:02 INFO  Bloop uses /opt/local/sdkman/candidates/java/current defined at /Users/jkpancho/.bloop/bloop.json[0m
2023.09.09 23:08:02 INFO  Attempting to connect to the build server...[0m
2023.09.09 23:08:02 INFO  Bloop uses /opt/local/sdkman/candidates/java/current defined at /Users/jkpancho/.bloop/bloop.json[0m
2023.09.09 23:08:02 INFO  tracing is disabled for protocol BSP, to enable tracing of incoming and outgoing JSON messages create an empty file at /Users/jkpancho/Downloads/jkpancho-kanban-board/project/project/.metals/bsp.trace.json or /Users/jkpancho/Library/Caches/org.scalameta.metals/bsp.trace.json[0m
2023.09.09 23:08:03 INFO  tracing is disabled for protocol BSP, to enable tracing of incoming and outgoing JSON messages create an empty file at /Users/jkpancho/Downloads/jkpancho-kanban-board/project/.metals/bsp.trace.json or /Users/jkpancho/Library/Caches/org.scalameta.metals/bsp.trace.json[0m
2023.09.09 23:08:03 INFO  time: Connected to build server in 2.9s[0m
2023.09.09 23:08:03 INFO  Connected to Build server: Bloop v1.5.8[0m
2023.09.09 23:08:04 INFO  time: Imported build in 1.27s[0m
2023.09.09 23:08:29 INFO  time: indexed workspace in 24s[0m
